[2022-01-10T11:20:13.647] [ERROR] access - ::1 - - "GET /favicon.ico HTTP/1.1" 404 150 "http://localhost:3000/search?keyword=%E5%BF%9C%E7%94%A8" "Mozilla/5.0 (Macintosh; Intel Mac OS X 10_15_7) AppleWebKit/537.36 (KHTML, like Gecko) Chrome/96.0.4664.110 Safari/537.36"
[2022-01-10T11:31:55.775] [ERROR] access - ::1 - - "GET /favicon.ico HTTP/1.1" 404 150 "http://localhost:3000/search?keyword=%E5%BF%9C%E7%94%A8" "Mozilla/5.0 (Macintosh; Intel Mac OS X 10_15_7) AppleWebKit/537.36 (KHTML, like Gecko) Chrome/96.0.4664.110 Safari/537.36"
[2022-01-10T11:31:56.432] [ERROR] access - ::1 - - "GET /favicon.ico HTTP/1.1" 404 150 "http://localhost:3000/search?keyword=%E5%BF%9C%E7%94%A8" "Mozilla/5.0 (Macintosh; Intel Mac OS X 10_15_7) AppleWebKit/537.36 (KHTML, like Gecko) Chrome/96.0.4664.110 Safari/537.36"
[2022-01-10T11:32:57.265] [ERROR] access - ::1 - - "GET /favicon.ico HTTP/1.1" 404 150 "http://localhost:3000/search?keyword=%E5%BF%9C%E7%94%A8" "Mozilla/5.0 (Macintosh; Intel Mac OS X 10_15_7) AppleWebKit/537.36 (KHTML, like Gecko) Chrome/96.0.4664.110 Safari/537.36"
[2022-01-10T11:32:58.518] [ERROR] access - ::1 - - "GET /favicon.ico HTTP/1.1" 404 150 "http://localhost:3000/search?keyword=%E5%BF%9C%E7%94%A8" "Mozilla/5.0 (Macintosh; Intel Mac OS X 10_15_7) AppleWebKit/537.36 (KHTML, like Gecko) Chrome/96.0.4664.110 Safari/537.36"
[2022-01-10T11:33:58.016] [ERROR] access - ::1 - - "GET /favicon.ico HTTP/1.1" 404 150 "http://localhost:3000/search?keyword=%E5%BF%9C%E7%94%A8" "Mozilla/5.0 (Macintosh; Intel Mac OS X 10_15_7) AppleWebKit/537.36 (KHTML, like Gecko) Chrome/96.0.4664.110 Safari/537.36"
[2022-01-10T11:42:29.585] [ERROR] access - ::1 - - "GET /favicon.ico HTTP/1.1" 404 150 "http://localhost:3000/search?keyword=%E5%9F%BA%E6%9C%AC" "Mozilla/5.0 (Macintosh; Intel Mac OS X 10_15_7) AppleWebKit/537.36 (KHTML, like Gecko) Chrome/96.0.4664.110 Safari/537.36"
[2022-01-10T11:42:31.955] [INFO] access - ::1 - - "GET / HTTP/1.1" 200 1817 "" "Mozilla/5.0 (Macintosh; Intel Mac OS X 10_15_7) AppleWebKit/537.36 (KHTML, like Gecko) Chrome/96.0.4664.110 Safari/537.36"
[2022-01-10T11:42:32.072] [ERROR] access - ::1 - - "GET /navbar-top.css HTTP/1.1" 404 153 "http://localhost:3000/" "Mozilla/5.0 (Macintosh; Intel Mac OS X 10_15_7) AppleWebKit/537.36 (KHTML, like Gecko) Chrome/96.0.4664.110 Safari/537.36"
[2022-01-10T11:43:11.582] [INFO] access - ::1 - - "GET / HTTP/1.1" 200 1817 "" "Mozilla/5.0 (Macintosh; Intel Mac OS X 10_15_7) AppleWebKit/537.36 (KHTML, like Gecko) Chrome/96.0.4664.110 Safari/537.36"
[2022-01-10T11:43:11.660] [ERROR] access - ::1 - - "GET /navbar-top.css HTTP/1.1" 404 153 "http://localhost:3000/" "Mozilla/5.0 (Macintosh; Intel Mac OS X 10_15_7) AppleWebKit/537.36 (KHTML, like Gecko) Chrome/96.0.4664.110 Safari/537.36"
[2022-01-10T11:43:11.868] [ERROR] access - ::1 - - "GET /favicon.ico HTTP/1.1" 404 150 "http://localhost:3000/" "Mozilla/5.0 (Macintosh; Intel Mac OS X 10_15_7) AppleWebKit/537.36 (KHTML, like Gecko) Chrome/96.0.4664.110 Safari/537.36"
[2022-01-10T11:44:08.763] [ERROR] access - ::1 - - "GET /favicon.ico HTTP/1.1" 404 150 "http://localhost:3000/account" "Mozilla/5.0 (Macintosh; Intel Mac OS X 10_15_7) AppleWebKit/537.36 (KHTML, like Gecko) Chrome/96.0.4664.110 Safari/537.36"
[2022-01-10T12:04:28.036] [INFO] access - ::1 - - "GET /account HTTP/1.1" 200 1493 "http://localhost:3000/" "Mozilla/5.0 (Macintosh; Intel Mac OS X 10_15_7) AppleWebKit/537.36 (KHTML, like Gecko) Chrome/96.0.4664.110 Safari/537.36"
[2022-01-10T12:04:28.436] [ERROR] access - ::1 - - "GET /favicon.ico HTTP/1.1" 404 150 "http://localhost:3000/account" "Mozilla/5.0 (Macintosh; Intel Mac OS X 10_15_7) AppleWebKit/537.36 (KHTML, like Gecko) Chrome/96.0.4664.110 Safari/537.36"
[2022-01-10T12:04:30.419] [WARN] access - ::1 - - "GET /account HTTP/1.1" 304 - "http://localhost:3000/account" "Mozilla/5.0 (Macintosh; Intel Mac OS X 10_15_7) AppleWebKit/537.36 (KHTML, like Gecko) Chrome/96.0.4664.110 Safari/537.36"
[2022-01-10T12:04:31.372] [INFO] access - ::1 - - "GET /account/posts/regist HTTP/1.1" 200 3099 "http://localhost:3000/account" "Mozilla/5.0 (Macintosh; Intel Mac OS X 10_15_7) AppleWebKit/537.36 (KHTML, like Gecko) Chrome/96.0.4664.110 Safari/537.36"
[2022-01-10T12:04:54.357] [INFO] access - ::1 - - "GET /account/posts/regist HTTP/1.1" 200 3099 "http://localhost:3000/account" "Mozilla/5.0 (Macintosh; Intel Mac OS X 10_15_7) AppleWebKit/537.36 (KHTML, like Gecko) Chrome/96.0.4664.110 Safari/537.36"
[2022-01-10T12:04:54.716] [ERROR] access - ::1 - - "GET /favicon.ico HTTP/1.1" 404 150 "http://localhost:3000/account/posts/regist" "Mozilla/5.0 (Macintosh; Intel Mac OS X 10_15_7) AppleWebKit/537.36 (KHTML, like Gecko) Chrome/96.0.4664.110 Safari/537.36"
[2022-01-10T12:04:55.570] [INFO] access - ::1 - - "GET /account/posts/regist HTTP/1.1" 200 3099 "http://localhost:3000/account" "Mozilla/5.0 (Macintosh; Intel Mac OS X 10_15_7) AppleWebKit/537.36 (KHTML, like Gecko) Chrome/96.0.4664.110 Safari/537.36"
[2022-01-10T12:04:55.773] [ERROR] access - ::1 - - "GET /favicon.ico HTTP/1.1" 404 150 "http://localhost:3000/account/posts/regist" "Mozilla/5.0 (Macintosh; Intel Mac OS X 10_15_7) AppleWebKit/537.36 (KHTML, like Gecko) Chrome/96.0.4664.110 Safari/537.36"
[2022-01-10T12:04:56.241] [ERROR] access - ::1 - - "GET /account/posts/account HTTP/1.1" 404 160 "http://localhost:3000/account/posts/regist" "Mozilla/5.0 (Macintosh; Intel Mac OS X 10_15_7) AppleWebKit/537.36 (KHTML, like Gecko) Chrome/96.0.4664.110 Safari/537.36"
[2022-01-10T12:04:59.426] [ERROR] access - ::1 - - "GET /account/posts/account HTTP/1.1" 404 160 "http://localhost:3000/account/posts/regist" "Mozilla/5.0 (Macintosh; Intel Mac OS X 10_15_7) AppleWebKit/537.36 (KHTML, like Gecko) Chrome/96.0.4664.110 Safari/537.36"
[2022-01-10T12:05:07.615] [ERROR] access - ::1 - - "GET /account/posts/account HTTP/1.1" 404 160 "http://localhost:3000/account/posts/regist" "Mozilla/5.0 (Macintosh; Intel Mac OS X 10_15_7) AppleWebKit/537.36 (KHTML, like Gecko) Chrome/96.0.4664.110 Safari/537.36"
[2022-01-10T12:05:10.872] [INFO] access - ::1 - - "GET /search HTTP/1.1" 200 2347 "http://localhost:3000/account/posts/regist" "Mozilla/5.0 (Macintosh; Intel Mac OS X 10_15_7) AppleWebKit/537.36 (KHTML, like Gecko) Chrome/96.0.4664.110 Safari/537.36"
[2022-01-10T12:05:11.544] [INFO] access - ::1 - - "GET /account HTTP/1.1" 200 1492 "http://localhost:3000/search" "Mozilla/5.0 (Macintosh; Intel Mac OS X 10_15_7) AppleWebKit/537.36 (KHTML, like Gecko) Chrome/96.0.4664.110 Safari/537.36"
[2022-01-10T12:05:12.212] [WARN] access - ::1 - - "GET /account HTTP/1.1" 304 - "http://localhost:3000/account" "Mozilla/5.0 (Macintosh; Intel Mac OS X 10_15_7) AppleWebKit/537.36 (KHTML, like Gecko) Chrome/96.0.4664.110 Safari/537.36"
[2022-01-10T12:05:12.851] [WARN] access - ::1 - - "GET /account HTTP/1.1" 304 - "http://localhost:3000/account" "Mozilla/5.0 (Macintosh; Intel Mac OS X 10_15_7) AppleWebKit/537.36 (KHTML, like Gecko) Chrome/96.0.4664.110 Safari/537.36"
[2022-01-10T12:05:13.885] [WARN] access - ::1 - - "GET /account/posts/regist HTTP/1.1" 304 - "http://localhost:3000/account" "Mozilla/5.0 (Macintosh; Intel Mac OS X 10_15_7) AppleWebKit/537.36 (KHTML, like Gecko) Chrome/96.0.4664.110 Safari/537.36"
[2022-01-10T12:05:14.873] [ERROR] access - ::1 - - "GET /account/posts/account HTTP/1.1" 404 160 "http://localhost:3000/account/posts/regist" "Mozilla/5.0 (Macintosh; Intel Mac OS X 10_15_7) AppleWebKit/537.36 (KHTML, like Gecko) Chrome/96.0.4664.110 Safari/537.36"
[2022-01-10T12:07:00.111] [INFO] access - ::1 - - "GET /account/posts/regist HTTP/1.1" 200 2861 "http://localhost:3000/account" "Mozilla/5.0 (Macintosh; Intel Mac OS X 10_15_7) AppleWebKit/537.36 (KHTML, like Gecko) Chrome/96.0.4664.110 Safari/537.36"
[2022-01-10T12:07:02.553] [WARN] access - ::1 - - "GET /account/posts/regist HTTP/1.1" 304 - "http://localhost:3000/account" "Mozilla/5.0 (Macintosh; Intel Mac OS X 10_15_7) AppleWebKit/537.36 (KHTML, like Gecko) Chrome/96.0.4664.110 Safari/537.36"
[2022-01-10T12:07:10.625] [ERROR] access - ::1 - - "POST /account/posts/regist/confirm HTTP/1.1" 404 168 "http://localhost:3000/account/posts/regist" "Mozilla/5.0 (Macintosh; Intel Mac OS X 10_15_7) AppleWebKit/537.36 (KHTML, like Gecko) Chrome/96.0.4664.110 Safari/537.36"
[2022-01-10T12:08:07.840] [INFO] access - ::1 - - "GET /account/posts/regist HTTP/1.1" 200 2856 "http://localhost:3000/account" "Mozilla/5.0 (Macintosh; Intel Mac OS X 10_15_7) AppleWebKit/537.36 (KHTML, like Gecko) Chrome/96.0.4664.110 Safari/537.36"
[2022-01-10T12:08:08.304] [ERROR] access - ::1 - - "GET /favicon.ico HTTP/1.1" 404 150 "http://localhost:3000/account/posts/regist" "Mozilla/5.0 (Macintosh; Intel Mac OS X 10_15_7) AppleWebKit/537.36 (KHTML, like Gecko) Chrome/96.0.4664.110 Safari/537.36"
[2022-01-10T12:10:01.036] [ERROR] access - ::1 - - "POST /account/posts/regist/confirm HTTP/1.1" 404 168 "http://localhost:3000/account/posts/regist" "Mozilla/5.0 (Macintosh; Intel Mac OS X 10_15_7) AppleWebKit/537.36 (KHTML, like Gecko) Chrome/96.0.4664.110 Safari/537.36"
